<?xml version="1.0" encoding="UTF-8"?>
<!-- Generated by org.testng.reporters.JUnitReportReporter -->
<testsuite hostname="DESKTOP-SGQB9K2" failures="0" tests="2" name="com.devopsautom.selenium.TestClass" time="7.612" errors="0" timestamp="2024-12-22T13:14:41 IST" skipped="0">
  <testcase classname="com.devopsautom.selenium.TestClass" name="test1" time="3.261"/>
  <testcase classname="com.devopsautom.selenium.TestClass" name="test2" time="4.351"/>
</testsuite> <!-- com.devopsautom.selenium.TestClass -->
